<?xml version="1.0" encoding="UTF-8"?>
<!-- Generated by org.testng.reporters.JUnitReportReporter -->
<testsuite hostname="DELL-PC" name="scripts.Scenario_login" tests="5" failures="0" timestamp="3 Jun 2017 08:29:05 GMT" time="52.267" errors="0">
  <testcase name="invalidLogin" time="11.313" classname="scripts.Scenario_login"/>
  <testcase name="invalidLogin" time="11.934" classname="scripts.Scenario_login"/>
  <testcase name="invalidLogin" time="9.990" classname="scripts.Scenario_login"/>
  <testcase name="invalidLogin" time="9.640" classname="scripts.Scenario_login"/>
  <testcase name="invalidLogin" time="9.390" classname="scripts.Scenario_login"/>
</testsuite> <!-- scripts.Scenario_login -->
