<?xml version="1.0" encoding="UTF-8"?>
<!-- Generated by org.testng.reporters.JUnitReportReporter -->
<testsuite hostname="DELL-PC" name="scripts.Scenario_Search" tests="3" failures="0" timestamp="10 Jun 2017 10:59:03 GMT" time="36.144" errors="0">
  <testcase name="validsearch" time="12.570" classname="scripts.Scenario_Search"/>
  <testcase name="validsearch" time="13.061" classname="scripts.Scenario_Search"/>
  <testcase name="validsearch" time="10.513" classname="scripts.Scenario_Search"/>
</testsuite> <!-- scripts.Scenario_Search -->
