<?xml version="1.0" encoding="UTF-8"?>
<!-- Generated by org.testng.reporters.JUnitReportReporter -->
<testsuite hostname="DELL-PC" name="scripts.Scenario_Cart" tests="1" failures="0" timestamp="10 Jun 2017 10:59:03 GMT" time="19.639" errors="0">
  <testcase name="addbook" time="19.639" classname="scripts.Scenario_Cart"/>
</testsuite> <!-- scripts.Scenario_Cart -->
