<?xml version="1.0" encoding="UTF-8"?>
<!-- Generated by org.testng.reporters.JUnitReportReporter -->
<testsuite hostname="DELL-PC" name="scripts.Scenario_Search" tests="3" failures="0" timestamp="10 Jun 2017 11:34:11 GMT" time="10.888" errors="0">
  <testcase name="validsearch" time="4.539" classname="scripts.Scenario_Search"/>
  <testcase name="validsearch" time="3.777" classname="scripts.Scenario_Search"/>
  <testcase name="validsearch" time="2.572" classname="scripts.Scenario_Search"/>
</testsuite>
